1.3
	增加了库存功能
	修复订单管理的bug
	增加修改个人信息
	管理员增加书 由自己填写isbn号
1.4
	修复中文登录问题
	增加了取消订单恢复库存
	增加用户确认收货功能
	增加用户订单分类功能
1.5
	修改部分数据库结构
	增加销量纪录功能
	增加js实现无法取消已发货的订单
1.6
	确认收货功能也根据订单状态做出相应的回应
	增加管理员手动修改库存模拟进货退货
1.7
	完成所有书的排序
	完成分类书的排序
1.8
	修复排序后页码无法更新的BUG
	完成搜索功能
	加入购物车不跳转
	管理员界面增加查看所有订单
1.9
	增加购物车修改数量
	增加购物车删除宝贝
	增加库存小于购买数量时无法购买
	增加管理员删除订单功能
2.0 Beta版
	修复了几个bug
2.1
	修改数据库结构：
		1)增加book_detail表
		 CREATE TABLE `book_detail` (
			  `id` varchar(40) NOT NULL,
			  `desc` text,
			  `publisher` varchar(40) NOT NULL,
			  `publish_time` varchar(20) NOT NULL,
			  PRIMARY KEY (`id`)
			) ENGINE=InnoDB DEFAULT CHARSET=utf8;
	增加富文本编辑器，支持更加详尽的描述(可以插入图片(待实现))
	转移图片地址，上传到个人服务器http://123.206.130.92
2.2
	完成富文本编辑器的图片上传操作
	增加书籍详情界面，可以通过点击图片获取信息.
	修复购物车修改订单项数目第二个失效的bug
2.3
	增加 缺货和后台进行交互(通过邮件形式通知)
	增加商品评论功能
2.4
	修改数据库结构:order_item增加字段address
	实现多地址功能(用户通过注册时，填写地址用逗号分隔实现多地址)
2.5
	优化搜索功能(使用solr服务)
	管理员添加图书增加solr逻辑
2.6
	增加搜索结果分页
	优化排序，增加选择升序降序
	增加价格排序，排序从数据库转移到solr服务
	增加注册js校验
2.7
	增加邮件验证码校验
2.8
	从当当网上爬取部分图书信息填充数据库





